[2025-07-30 22:57:57,017: INFO/MainProcess] Connected to redis://localhost:6379/1
[2025-07-30 22:57:57,019: INFO/MainProcess] mingle: searching for neighbors
[2025-07-30 22:57:58,038: INFO/MainProcess] mingle: all alone
[2025-07-30 22:57:58,075: INFO/MainProcess] celery@Shubhams-MacBook-Air.local ready.
[2025-07-30 23:00:11,973: INFO/MainProcess] Connected to redis://localhost:6379/1
[2025-07-30 23:00:11,976: INFO/MainProcess] mingle: searching for neighbors
[2025-07-30 23:00:12,987: INFO/MainProcess] mingle: all alone
[2025-07-30 23:00:13,002: INFO/MainProcess] celery@Shubhams-MacBook-Air.local ready.
[2025-07-30 23:35:43,562: INFO/MainProcess] Connected to redis://localhost:6379/1
[2025-07-30 23:35:43,566: INFO/MainProcess] mingle: searching for neighbors
[2025-07-30 23:35:44,592: INFO/MainProcess] mingle: all alone
[2025-07-30 23:35:44,618: INFO/MainProcess] celery@Shubhams-MacBook-Air.local ready.
[2025-07-30 23:43:41,864: INFO/MainProcess] Connected to redis://localhost:6379/1
[2025-07-30 23:43:41,867: INFO/MainProcess] mingle: searching for neighbors
[2025-07-30 23:43:42,881: INFO/MainProcess] mingle: all alone
[2025-07-30 23:43:42,913: INFO/MainProcess] celery@Shubhams-MacBook-Air.local ready.
[2025-07-30 23:52:24,934: INFO/MainProcess] Task tasks.export_csv.generate_user_csv_export[a8af79f0-195e-47ef-b6e5-831a4180494b] received
[2025-07-30 23:52:25,186: INFO/ForkPoolWorker-7] Task tasks.export_csv.generate_user_csv_export[a8af79f0-195e-47ef-b6e5-831a4180494b] succeeded in 0.22315708300004644s: {'status': 'Export completed successfully', 'file_path': '/Users/shubham/Desktop/Vehicle_Parking_App_V2/vehicle-parking-app-v2/vehicle-parking-app/backend/tasks/../exports/parking_history_abc_20250730_182225.csv', 'filename': 'parking_history_abc_20250730_182225.csv', 'download_url': '/api/user/download-csv/parking_history_abc_20250730_182225.csv', 'records_count': 8, 'generated_at': '2025-07-30T18:22:25.184068'}
[2025-07-31 00:00:07,547: INFO/MainProcess] Connected to redis://localhost:6379/1
[2025-07-31 00:00:07,550: INFO/MainProcess] mingle: searching for neighbors
[2025-07-31 00:00:08,564: INFO/MainProcess] mingle: all alone
[2025-07-31 00:00:08,579: INFO/MainProcess] celery@Shubhams-MacBook-Air.local ready.
[2025-07-31 00:23:03,542: INFO/MainProcess] Task tasks.export_csv.generate_user_csv_export[c844091d-d07a-4647-bbdd-23024b600520] received
[2025-07-31 00:23:03,762: INFO/ForkPoolWorker-7] Task tasks.export_csv.generate_user_csv_export[c844091d-d07a-4647-bbdd-23024b600520] succeeded in 0.18182287500007988s: {'status': 'Export completed successfully', 'file_path': '/Users/shubham/Desktop/Vehicle_Parking_App_V2/vehicle-parking-app-v2/vehicle-parking-app/backend/tasks/../exports/parking_history_shubh_20250730_185303.csv', 'filename': 'parking_history_shubh_20250730_185303.csv', 'download_url': '/api/user/download-csv/parking_history_shubh_20250730_185303.csv', 'records_count': 4, 'generated_at': '2025-07-30T18:53:03.759711'}
[2025-07-31 00:58:50,871: INFO/MainProcess] Connected to redis://localhost:6379/1
[2025-07-31 00:58:50,875: INFO/MainProcess] mingle: searching for neighbors
[2025-07-31 00:58:51,892: INFO/MainProcess] mingle: all alone
[2025-07-31 00:58:51,912: INFO/MainProcess] celery@Shubhams-MacBook-Air.local ready.
[2025-07-31 01:03:48,290: INFO/MainProcess] Connected to redis://localhost:6379/1
[2025-07-31 01:03:48,292: INFO/MainProcess] mingle: searching for neighbors
[2025-07-31 01:03:49,301: INFO/MainProcess] mingle: all alone
[2025-07-31 01:03:49,313: INFO/MainProcess] celery@Shubhams-MacBook-Air.local ready.
[2025-07-31 01:23:30,727: INFO/MainProcess] Connected to redis://localhost:6379/1
[2025-07-31 01:23:30,730: INFO/MainProcess] mingle: searching for neighbors
[2025-07-31 01:23:31,777: INFO/MainProcess] mingle: all alone
[2025-07-31 01:23:31,786: INFO/MainProcess] celery@Shubhams-MacBook-Air.local ready.
[2025-07-31 01:31:37,199: INFO/MainProcess] Connected to redis://localhost:6379/1
[2025-07-31 01:31:37,201: INFO/MainProcess] mingle: searching for neighbors
[2025-07-31 01:31:38,211: INFO/MainProcess] mingle: all alone
[2025-07-31 01:31:38,236: INFO/MainProcess] celery@Shubhams-MacBook-Air.local ready.
[2025-07-31 01:31:38,239: INFO/MainProcess] Task tasks.export_csv.generate_user_csv_export[ee103db3-be2d-41fd-b256-2d2ccf00c133] received
[2025-07-31 01:31:38,241: INFO/MainProcess] Task tasks.daily_reminders.send_daily_reminders[4ee001a4-e5e3-4577-837d-8644db080676] received
[2025-07-31 01:31:38,243: INFO/MainProcess] Task tasks.export_csv.generate_user_csv_export[417f9737-dd76-4b7e-a46a-3caf71cf0878] received
[2025-07-31 01:31:38,245: INFO/MainProcess] Task tasks.export_csv.generate_user_csv_export[597a480f-9f45-4d84-8ac2-c8ace12851ef] received
[2025-07-31 01:31:38,247: INFO/MainProcess] Task tasks.export_csv.generate_user_csv_export[5b8b8200-f6bd-44ff-a929-48ae20741ccb] received
[2025-07-31 01:31:38,250: INFO/MainProcess] Task tasks.export_csv.generate_user_csv_export[b4ed8d05-b668-4a9e-a5eb-cb1e62dbd47e] received
[2025-07-31 01:31:38,252: INFO/MainProcess] Task tasks.export_csv.generate_user_csv_export[53322aba-dc7c-419f-a186-d20714b8259d] received
[2025-07-31 01:31:38,256: INFO/MainProcess] Task tasks.export_csv.generate_user_csv_export[c999dd7d-a645-4bb2-ade7-0f91dfbc6c1d] received
[2025-07-31 01:31:38,273: INFO/MainProcess] Task tasks.export_csv.generate_user_csv_export[c9e11570-1223-4204-ae4d-3dc9281dd38d] received
[2025-07-31 01:31:38,278: INFO/MainProcess] Task tasks.export_csv.generate_user_csv_export[bfae9d08-6097-423c-ad13-f06cd86a611c] received
[2025-07-31 01:31:38,279: INFO/MainProcess] Task tasks.export_csv.generate_user_csv_export[744b13c8-bab5-4a3f-9f0d-2575e8fd669d] received
[2025-07-31 01:31:38,280: INFO/MainProcess] Task tasks.export_csv.generate_user_csv_export[6297c0ea-0929-489d-90d9-31b67adeba8d] received
[2025-07-31 01:31:38,342: INFO/ForkPoolWorker-7] -- BEGIN Twilio API Request --
[2025-07-31 01:31:38,342: INFO/ForkPoolWorker-7] POST Request: https://api.twilio.com/2010-04-01/Accounts/your-twilio-account-sid/Messages.json
[2025-07-31 01:31:38,342: INFO/ForkPoolWorker-7] Headers:
[2025-07-31 01:31:38,343: INFO/ForkPoolWorker-7] Content-Type : application/x-www-form-urlencoded
[2025-07-31 01:31:38,343: INFO/ForkPoolWorker-7] Accept : application/json
[2025-07-31 01:31:38,343: INFO/ForkPoolWorker-7] User-Agent : twilio-python/9.7.0 (Darwin arm64) Python/3.9.6
[2025-07-31 01:31:38,343: INFO/ForkPoolWorker-7] X-Twilio-Client : python-9.7.0
[2025-07-31 01:31:38,343: INFO/ForkPoolWorker-7] Accept-Charset : utf-8
[2025-07-31 01:31:38,343: INFO/ForkPoolWorker-7] -- END Twilio API Request --
[2025-07-31 01:31:38,371: INFO/ForkPoolWorker-6] Task tasks.export_csv.generate_user_csv_export[ee103db3-be2d-41fd-b256-2d2ccf00c133] succeeded in 0.13086149999999996s: {'status': 'Export completed successfully', 'file_path': '/Users/shubham/Desktop/Vehicle_Parking_App_V2/vehicle-parking-app-v2/vehicle-parking-app/backend/tasks/../exports/parking_history_admin_20250730_200138.csv', 'filename': 'parking_history_admin_20250730_200138.csv', 'download_url': '/api/user/download-csv/parking_history_admin_20250730_200138.csv', 'records_count': 0, 'generated_at': '2025-07-30T20:01:38.338575'}
[2025-07-31 01:31:38,400: INFO/ForkPoolWorker-8] Task tasks.export_csv.generate_user_csv_export[417f9737-dd76-4b7e-a46a-3caf71cf0878] succeeded in 0.1542667499999999s: {'status': 'Export completed successfully', 'file_path': '/Users/shubham/Desktop/Vehicle_Parking_App_V2/vehicle-parking-app-v2/vehicle-parking-app/backend/tasks/../exports/parking_history_admin_20250730_200138.csv', 'filename': 'parking_history_admin_20250730_200138.csv', 'download_url': '/api/user/download-csv/parking_history_admin_20250730_200138.csv', 'records_count': 0, 'generated_at': '2025-07-30T20:01:38.398973'}
[2025-07-31 01:31:38,447: INFO/ForkPoolWorker-6] Task tasks.export_csv.generate_user_csv_export[c9e11570-1223-4204-ae4d-3dc9281dd38d] succeeded in 0.07327241700000009s: {'status': 'Export completed successfully', 'file_path': '/Users/shubham/Desktop/Vehicle_Parking_App_V2/vehicle-parking-app-v2/vehicle-parking-app/backend/tasks/../exports/parking_history_abc_20250730_200138.csv', 'filename': 'parking_history_abc_20250730_200138.csv', 'download_url': '/api/user/download-csv/parking_history_abc_20250730_200138.csv', 'records_count': 8, 'generated_at': '2025-07-30T20:01:38.446532'}
[2025-07-31 01:31:38,448: INFO/ForkPoolWorker-2] Task tasks.export_csv.generate_user_csv_export[5b8b8200-f6bd-44ff-a929-48ae20741ccb] succeeded in 0.198730458s: {'status': 'Export completed successfully', 'file_path': '/Users/shubham/Desktop/Vehicle_Parking_App_V2/vehicle-parking-app-v2/vehicle-parking-app/backend/tasks/../exports/parking_history_abc_20250730_200138.csv', 'filename': 'parking_history_abc_20250730_200138.csv', 'download_url': '/api/user/download-csv/parking_history_abc_20250730_200138.csv', 'records_count': 8, 'generated_at': '2025-07-30T20:01:38.447268'}
[2025-07-31 01:31:38,461: INFO/ForkPoolWorker-5] Task tasks.export_csv.generate_user_csv_export[c999dd7d-a645-4bb2-ade7-0f91dfbc6c1d] succeeded in 0.20242316700000007s: {'status': 'Export completed successfully', 'file_path': '/Users/shubham/Desktop/Vehicle_Parking_App_V2/vehicle-parking-app-v2/vehicle-parking-app/backend/tasks/../exports/parking_history_abc_20250730_200138.csv', 'filename': 'parking_history_abc_20250730_200138.csv', 'download_url': '/api/user/download-csv/parking_history_abc_20250730_200138.csv', 'records_count': 8, 'generated_at': '2025-07-30T20:01:38.458958'}
[2025-07-31 01:31:38,461: INFO/ForkPoolWorker-3] Task tasks.export_csv.generate_user_csv_export[b4ed8d05-b668-4a9e-a5eb-cb1e62dbd47e] succeeded in 0.208656709s: {'status': 'Export completed successfully', 'file_path': '/Users/shubham/Desktop/Vehicle_Parking_App_V2/vehicle-parking-app-v2/vehicle-parking-app/backend/tasks/../exports/parking_history_abc_20250730_200138.csv', 'filename': 'parking_history_abc_20250730_200138.csv', 'download_url': '/api/user/download-csv/parking_history_abc_20250730_200138.csv', 'records_count': 8, 'generated_at': '2025-07-30T20:01:38.458557'}
[2025-07-31 01:31:38,461: INFO/ForkPoolWorker-1] Task tasks.export_csv.generate_user_csv_export[597a480f-9f45-4d84-8ac2-c8ace12851ef] succeeded in 0.21354258400000004s: {'status': 'Export completed successfully', 'file_path': '/Users/shubham/Desktop/Vehicle_Parking_App_V2/vehicle-parking-app-v2/vehicle-parking-app/backend/tasks/../exports/parking_history_abc_20250730_200138.csv', 'filename': 'parking_history_abc_20250730_200138.csv', 'download_url': '/api/user/download-csv/parking_history_abc_20250730_200138.csv', 'records_count': 8, 'generated_at': '2025-07-30T20:01:38.458485'}
[2025-07-31 01:31:38,461: INFO/ForkPoolWorker-4] Task tasks.export_csv.generate_user_csv_export[53322aba-dc7c-419f-a186-d20714b8259d] succeeded in 0.20555587499999994s: {'status': 'Export completed successfully', 'file_path': '/Users/shubham/Desktop/Vehicle_Parking_App_V2/vehicle-parking-app-v2/vehicle-parking-app/backend/tasks/../exports/parking_history_abc_20250730_200138.csv', 'filename': 'parking_history_abc_20250730_200138.csv', 'download_url': '/api/user/download-csv/parking_history_abc_20250730_200138.csv', 'records_count': 8, 'generated_at': '2025-07-30T20:01:38.458164'}
[2025-07-31 01:31:38,463: INFO/ForkPoolWorker-8] Task tasks.export_csv.generate_user_csv_export[bfae9d08-6097-423c-ad13-f06cd86a611c] succeeded in 0.06306674999999995s: {'status': 'Export completed successfully', 'file_path': '/Users/shubham/Desktop/Vehicle_Parking_App_V2/vehicle-parking-app-v2/vehicle-parking-app/backend/tasks/../exports/parking_history_abc_20250730_200138.csv', 'filename': 'parking_history_abc_20250730_200138.csv', 'download_url': '/api/user/download-csv/parking_history_abc_20250730_200138.csv', 'records_count': 8, 'generated_at': '2025-07-30T20:01:38.462995'}
[2025-07-31 01:31:38,483: INFO/ForkPoolWorker-6] Task tasks.export_csv.generate_user_csv_export[744b13c8-bab5-4a3f-9f0d-2575e8fd669d] succeeded in 0.035646707999999805s: {'status': 'Export completed successfully', 'file_path': '/Users/shubham/Desktop/Vehicle_Parking_App_V2/vehicle-parking-app-v2/vehicle-parking-app/backend/tasks/../exports/parking_history_abc_20250730_200138.csv', 'filename': 'parking_history_abc_20250730_200138.csv', 'download_url': '/api/user/download-csv/parking_history_abc_20250730_200138.csv', 'records_count': 8, 'generated_at': '2025-07-30T20:01:38.483080'}
[2025-07-31 01:31:38,484: INFO/ForkPoolWorker-2] Task tasks.export_csv.generate_user_csv_export[6297c0ea-0929-489d-90d9-31b67adeba8d] succeeded in 0.03476058400000004s: {'status': 'Export completed successfully', 'file_path': '/Users/shubham/Desktop/Vehicle_Parking_App_V2/vehicle-parking-app-v2/vehicle-parking-app/backend/tasks/../exports/parking_history_abc_20250730_200138.csv', 'filename': 'parking_history_abc_20250730_200138.csv', 'download_url': '/api/user/download-csv/parking_history_abc_20250730_200138.csv', 'records_count': 8, 'generated_at': '2025-07-30T20:01:38.483232'}
[2025-07-31 01:31:39,556: INFO/ForkPoolWorker-7] Response Status Code: 401
[2025-07-31 01:31:39,556: INFO/ForkPoolWorker-7] Response Headers: {'Content-Type': 'application/json', 'Content-Length': '134', 'Connection': 'keep-alive', 'Date': 'Wed, 30 Jul 2025 20:01:39 GMT', 'X-API-Domain': 'api.twilio.com', 'X-Verification-Disclosure': 'Message Accepted. Pending content verification for US/Canada destination numbers:', 'Www-Authenticate': 'Basic realm="Twilio API"', 'Twilio-Request-Id': 'RQ170c17d8638317b9f2bda16068957631', 'X-Shenanigans': 'none', 'Access-Control-Allow-Origin': '*', 'Access-Control-Allow-Headers': 'Accept, Authorization, Content-Type, If-Match, If-Modified-Since, If-None-Match, If-Unmodified-Since, Idempotency-Key', 'Access-Control-Allow-Methods': 'GET, POST, DELETE, OPTIONS', 'Access-Control-Expose-Headers': 'ETag', 'Access-Control-Allow-Credentials': 'true', 'X-Powered-By': 'AT-5000', 'X-Home-Region': 'us1', 'X-Cache': 'Error from cloudfront', 'Via': '1.1 e9c3f34c843eb4099f41b5b2a942220e.cloudfront.net (CloudFront)', 'X-Amz-Cf-Pop': 'DEL54-P3', 'X-Amz-Cf-Id': 'PwmdzB4ZTU0t0-jjryPRd-IWhBDeP1wXGJAE1TLHTKF9AAmHl2MNIw=='}
[2025-07-31 01:31:39,557: WARNING/ForkPoolWorker-7] Failed to send reminder to john_doe: SMS sending failed: HTTP 401 error: Unable to create record: Authentication Error - invalid username
[2025-07-31 01:31:39,558: INFO/ForkPoolWorker-7] -- BEGIN Twilio API Request --
[2025-07-31 01:31:39,558: INFO/ForkPoolWorker-7] POST Request: https://api.twilio.com/2010-04-01/Accounts/your-twilio-account-sid/Messages.json
[2025-07-31 01:31:39,558: INFO/ForkPoolWorker-7] Headers:
[2025-07-31 01:31:39,558: INFO/ForkPoolWorker-7] Content-Type : application/x-www-form-urlencoded
[2025-07-31 01:31:39,559: INFO/ForkPoolWorker-7] Accept : application/json
[2025-07-31 01:31:39,559: INFO/ForkPoolWorker-7] User-Agent : twilio-python/9.7.0 (Darwin arm64) Python/3.9.6
[2025-07-31 01:31:39,559: INFO/ForkPoolWorker-7] X-Twilio-Client : python-9.7.0
[2025-07-31 01:31:39,559: INFO/ForkPoolWorker-7] Accept-Charset : utf-8
[2025-07-31 01:31:39,560: INFO/ForkPoolWorker-7] -- END Twilio API Request --
[2025-07-31 01:31:40,409: INFO/ForkPoolWorker-7] Response Status Code: 401
[2025-07-31 01:31:40,410: INFO/ForkPoolWorker-7] Response Headers: {'Content-Type': 'application/json', 'Content-Length': '134', 'Connection': 'keep-alive', 'Date': 'Wed, 30 Jul 2025 20:01:40 GMT', 'X-API-Domain': 'api.twilio.com', 'X-Verification-Disclosure': 'Message Accepted. Pending content verification for US/Canada destination numbers:', 'Www-Authenticate': 'Basic realm="Twilio API"', 'Twilio-Request-Id': 'RQb29ceb9ce30995b9536b2ec35311c377', 'X-Shenanigans': 'none', 'Access-Control-Allow-Origin': '*', 'Access-Control-Allow-Headers': 'Accept, Authorization, Content-Type, If-Match, If-Modified-Since, If-None-Match, If-Unmodified-Since, Idempotency-Key', 'Access-Control-Allow-Methods': 'GET, POST, DELETE, OPTIONS', 'Access-Control-Expose-Headers': 'ETag', 'Access-Control-Allow-Credentials': 'true', 'X-Powered-By': 'AT-5000', 'X-Home-Region': 'us1', 'X-Cache': 'Error from cloudfront', 'Via': '1.1 f0efb349950a7813003bec01f3aa0f12.cloudfront.net (CloudFront)', 'X-Amz-Cf-Pop': 'DEL54-P3', 'X-Amz-Cf-Id': 'cnviEGoKNzDH-JxVVbdP7tB86aplfyflcyS5k-FNPzc-zH7dRwFN6A=='}
[2025-07-31 01:31:40,411: WARNING/ForkPoolWorker-7] Failed to send reminder to jane_smith: SMS sending failed: HTTP 401 error: Unable to create record: Authentication Error - invalid username
[2025-07-31 01:31:40,412: INFO/ForkPoolWorker-7] -- BEGIN Twilio API Request --
[2025-07-31 01:31:40,413: INFO/ForkPoolWorker-7] POST Request: https://api.twilio.com/2010-04-01/Accounts/your-twilio-account-sid/Messages.json
[2025-07-31 01:31:40,414: INFO/ForkPoolWorker-7] Headers:
[2025-07-31 01:31:40,414: INFO/ForkPoolWorker-7] Content-Type : application/x-www-form-urlencoded
[2025-07-31 01:31:40,415: INFO/ForkPoolWorker-7] Accept : application/json
[2025-07-31 01:31:40,415: INFO/ForkPoolWorker-7] User-Agent : twilio-python/9.7.0 (Darwin arm64) Python/3.9.6
[2025-07-31 01:31:40,416: INFO/ForkPoolWorker-7] X-Twilio-Client : python-9.7.0
[2025-07-31 01:31:40,416: INFO/ForkPoolWorker-7] Accept-Charset : utf-8
[2025-07-31 01:31:40,417: INFO/ForkPoolWorker-7] -- END Twilio API Request --
[2025-07-31 01:31:41,414: INFO/ForkPoolWorker-7] Response Status Code: 401
[2025-07-31 01:31:41,415: INFO/ForkPoolWorker-7] Response Headers: {'Content-Type': 'application/json', 'Content-Length': '134', 'Connection': 'keep-alive', 'Date': 'Wed, 30 Jul 2025 20:01:41 GMT', 'X-API-Domain': 'api.twilio.com', 'X-Verification-Disclosure': 'Message Accepted. Pending content verification for US/Canada destination numbers:', 'Www-Authenticate': 'Basic realm="Twilio API"', 'Twilio-Request-Id': 'RQ52ba9082c8f8db7a970821d822262be9', 'X-Shenanigans': 'none', 'Access-Control-Allow-Origin': '*', 'Access-Control-Allow-Headers': 'Accept, Authorization, Content-Type, If-Match, If-Modified-Since, If-None-Match, If-Unmodified-Since, Idempotency-Key', 'Access-Control-Allow-Methods': 'GET, POST, DELETE, OPTIONS', 'Access-Control-Expose-Headers': 'ETag', 'Access-Control-Allow-Credentials': 'true', 'X-Powered-By': 'AT-5000', 'X-Home-Region': 'us1', 'X-Cache': 'Error from cloudfront', 'Via': '1.1 257559d7c2212e84088f15caf515f5a2.cloudfront.net (CloudFront)', 'X-Amz-Cf-Pop': 'DEL54-P3', 'X-Amz-Cf-Id': '-ovLQNOeUMtHdrbSEGMhWwalLXGID54aewBJct1OHT1M_-V3u9sHvw=='}
[2025-07-31 01:31:41,416: WARNING/ForkPoolWorker-7] Failed to send reminder to mike_wilson: SMS sending failed: HTTP 401 error: Unable to create record: Authentication Error - invalid username
[2025-07-31 01:31:41,418: INFO/ForkPoolWorker-7] -- BEGIN Twilio API Request --
[2025-07-31 01:31:41,418: INFO/ForkPoolWorker-7] POST Request: https://api.twilio.com/2010-04-01/Accounts/your-twilio-account-sid/Messages.json
[2025-07-31 01:31:41,418: INFO/ForkPoolWorker-7] Headers:
[2025-07-31 01:31:41,419: INFO/ForkPoolWorker-7] Content-Type : application/x-www-form-urlencoded
[2025-07-31 01:31:41,419: INFO/ForkPoolWorker-7] Accept : application/json
[2025-07-31 01:31:41,420: INFO/ForkPoolWorker-7] User-Agent : twilio-python/9.7.0 (Darwin arm64) Python/3.9.6
[2025-07-31 01:31:41,420: INFO/ForkPoolWorker-7] X-Twilio-Client : python-9.7.0
[2025-07-31 01:31:41,421: INFO/ForkPoolWorker-7] Accept-Charset : utf-8
[2025-07-31 01:31:41,421: INFO/ForkPoolWorker-7] -- END Twilio API Request --
[2025-07-31 01:31:42,078: INFO/ForkPoolWorker-7] Response Status Code: 401
[2025-07-31 01:31:42,080: INFO/ForkPoolWorker-7] Response Headers: {'Content-Type': 'application/json', 'Content-Length': '134', 'Connection': 'keep-alive', 'Date': 'Wed, 30 Jul 2025 20:01:41 GMT', 'X-API-Domain': 'api.twilio.com', 'X-Verification-Disclosure': 'Message Accepted. Pending content verification for US/Canada destination numbers:', 'Www-Authenticate': 'Basic realm="Twilio API"', 'Twilio-Request-Id': 'RQ1c2e22f5c373268b48bc3fe9dd0a550d', 'X-Shenanigans': 'none', 'Access-Control-Allow-Origin': '*', 'Access-Control-Allow-Headers': 'Accept, Authorization, Content-Type, If-Match, If-Modified-Since, If-None-Match, If-Unmodified-Since, Idempotency-Key', 'Access-Control-Allow-Methods': 'GET, POST, DELETE, OPTIONS', 'Access-Control-Expose-Headers': 'ETag', 'Access-Control-Allow-Credentials': 'true', 'X-Powered-By': 'AT-5000', 'X-Home-Region': 'us1', 'X-Cache': 'Error from cloudfront', 'Via': '1.1 c2e71f7a744af65a5cea344ff07d9628.cloudfront.net (CloudFront)', 'X-Amz-Cf-Pop': 'DEL54-P3', 'X-Amz-Cf-Id': 's-6Gdn0AB-1jBMDNiGJfHLTB6HoYbxS-NWjY10dXtBzCkiQT907phA=='}
[2025-07-31 01:31:42,081: WARNING/ForkPoolWorker-7] Failed to send reminder to testuser: SMS sending failed: HTTP 401 error: Unable to create record: Authentication Error - invalid username
[2025-07-31 01:31:42,082: INFO/ForkPoolWorker-7] -- BEGIN Twilio API Request --
[2025-07-31 01:31:42,082: INFO/ForkPoolWorker-7] POST Request: https://api.twilio.com/2010-04-01/Accounts/your-twilio-account-sid/Messages.json
[2025-07-31 01:31:42,083: INFO/ForkPoolWorker-7] Headers:
[2025-07-31 01:31:42,084: INFO/ForkPoolWorker-7] Content-Type : application/x-www-form-urlencoded
[2025-07-31 01:31:42,084: INFO/ForkPoolWorker-7] Accept : application/json
[2025-07-31 01:31:42,085: INFO/ForkPoolWorker-7] User-Agent : twilio-python/9.7.0 (Darwin arm64) Python/3.9.6
[2025-07-31 01:31:42,085: INFO/ForkPoolWorker-7] X-Twilio-Client : python-9.7.0
[2025-07-31 01:31:42,086: INFO/ForkPoolWorker-7] Accept-Charset : utf-8
[2025-07-31 01:31:42,086: INFO/ForkPoolWorker-7] -- END Twilio API Request --
[2025-07-31 01:31:42,625: INFO/ForkPoolWorker-7] Response Status Code: 401
[2025-07-31 01:31:42,626: INFO/ForkPoolWorker-7] Response Headers: {'Content-Type': 'application/json', 'Content-Length': '134', 'Connection': 'keep-alive', 'Date': 'Wed, 30 Jul 2025 20:01:42 GMT', 'X-API-Domain': 'api.twilio.com', 'X-Verification-Disclosure': 'Message Accepted. Pending content verification for US/Canada destination numbers:', 'Www-Authenticate': 'Basic realm="Twilio API"', 'Twilio-Request-Id': 'RQ43076049b2b8a9382bd855b133b5b535', 'X-Shenanigans': 'none', 'Access-Control-Allow-Origin': '*', 'Access-Control-Allow-Headers': 'Accept, Authorization, Content-Type, If-Match, If-Modified-Since, If-None-Match, If-Unmodified-Since, Idempotency-Key', 'Access-Control-Allow-Methods': 'GET, POST, DELETE, OPTIONS', 'Access-Control-Expose-Headers': 'ETag', 'Access-Control-Allow-Credentials': 'true', 'X-Powered-By': 'AT-5000', 'X-Home-Region': 'us1', 'X-Cache': 'Error from cloudfront', 'Via': '1.1 56ac9ee632b7bbf3c8d55761ceb503da.cloudfront.net (CloudFront)', 'X-Amz-Cf-Pop': 'DEL54-P3', 'X-Amz-Cf-Id': 'Y8gE0hrPwicqD790RPCU05ieokVkfRUPfSAtibPZSsBfJ0x-17GywQ=='}
[2025-07-31 01:31:42,627: WARNING/ForkPoolWorker-7] Failed to send reminder to shubh: SMS sending failed: HTTP 401 error: Unable to create record: Authentication Error - invalid username
[2025-07-31 01:31:42,628: INFO/ForkPoolWorker-7] -- BEGIN Twilio API Request --
[2025-07-31 01:31:42,629: INFO/ForkPoolWorker-7] POST Request: https://api.twilio.com/2010-04-01/Accounts/your-twilio-account-sid/Messages.json
[2025-07-31 01:31:42,630: INFO/ForkPoolWorker-7] Headers:
[2025-07-31 01:31:42,631: INFO/ForkPoolWorker-7] Content-Type : application/x-www-form-urlencoded
[2025-07-31 01:31:42,631: INFO/ForkPoolWorker-7] Accept : application/json
[2025-07-31 01:31:42,631: INFO/ForkPoolWorker-7] User-Agent : twilio-python/9.7.0 (Darwin arm64) Python/3.9.6
[2025-07-31 01:31:42,632: INFO/ForkPoolWorker-7] X-Twilio-Client : python-9.7.0
[2025-07-31 01:31:42,632: INFO/ForkPoolWorker-7] Accept-Charset : utf-8
[2025-07-31 01:31:42,633: INFO/ForkPoolWorker-7] -- END Twilio API Request --
[2025-07-31 01:31:43,580: INFO/ForkPoolWorker-7] Response Status Code: 401
[2025-07-31 01:31:43,583: INFO/ForkPoolWorker-7] Response Headers: {'Content-Type': 'application/json', 'Content-Length': '134', 'Connection': 'keep-alive', 'Date': 'Wed, 30 Jul 2025 20:01:43 GMT', 'X-API-Domain': 'api.twilio.com', 'X-Verification-Disclosure': 'Message Accepted. Pending content verification for US/Canada destination numbers:', 'Www-Authenticate': 'Basic realm="Twilio API"', 'Twilio-Request-Id': 'RQ023d1526d631ec48e9565548a65de185', 'X-Shenanigans': 'none', 'Access-Control-Allow-Origin': '*', 'Access-Control-Allow-Headers': 'Accept, Authorization, Content-Type, If-Match, If-Modified-Since, If-None-Match, If-Unmodified-Since, Idempotency-Key', 'Access-Control-Allow-Methods': 'GET, POST, DELETE, OPTIONS', 'Access-Control-Expose-Headers': 'ETag', 'Access-Control-Allow-Credentials': 'true', 'X-Powered-By': 'AT-5000', 'X-Home-Region': 'us1', 'X-Cache': 'Error from cloudfront', 'Via': '1.1 e7158c7eed7a852dfc0a0b538680e072.cloudfront.net (CloudFront)', 'X-Amz-Cf-Pop': 'DEL54-P3', 'X-Amz-Cf-Id': 'BP6hGcvZC814BHA94OJheP3xRZhUhBePCpy7MfBgoStLH0Lcx_c12g=='}
[2025-07-31 01:31:43,584: WARNING/ForkPoolWorker-7] Failed to send reminder to newuser: SMS sending failed: HTTP 401 error: Unable to create record: Authentication Error - invalid username
[2025-07-31 01:31:45,460: WARNING/ForkPoolWorker-7] Failed to send reminder to testlogin: Google Chat webhook failed: 400
[2025-07-31 01:31:45,477: INFO/ForkPoolWorker-7] Task tasks.daily_reminders.send_daily_reminders[4ee001a4-e5e3-4577-837d-8644db080676] succeeded in 7.234465167s: {'status': 'completed', 'users_processed': 7, 'successful_sends': 0, 'failed_sends': 7, 'new_parking_lots': 0, 'timestamp': '2025-07-30T20:01:45.465345'}
[2025-07-31 01:32:51,489: INFO/MainProcess] Task tasks.export_csv.generate_user_csv_export[ee665b52-d7f1-4e54-970d-531f1fc40d00] received
[2025-07-31 01:32:51,545: INFO/ForkPoolWorker-6] Task tasks.export_csv.generate_user_csv_export[ee665b52-d7f1-4e54-970d-531f1fc40d00] succeeded in 0.052966750000010165s: {'status': 'Export completed successfully', 'file_path': '/Users/shubham/Desktop/Vehicle_Parking_App_V2/vehicle-parking-app-v2/vehicle-parking-app/backend/tasks/../exports/parking_history_abc_20250730_200251.csv', 'filename': 'parking_history_abc_20250730_200251.csv', 'download_url': '/api/user/download-csv/parking_history_abc_20250730_200251.csv', 'records_count': 8, 'generated_at': '2025-07-30T20:02:51.542997'}
[2025-07-31 01:34:13,003: INFO/MainProcess] Task tasks.export_csv.generate_user_csv_export[acee8828-f6a1-42ea-8243-5746d6e26207] received
[2025-07-31 01:34:13,081: INFO/ForkPoolWorker-6] Task tasks.export_csv.generate_user_csv_export[acee8828-f6a1-42ea-8243-5746d6e26207] succeeded in 0.07312879099998781s: {'status': 'Export completed successfully', 'file_path': '/Users/shubham/Desktop/Vehicle_Parking_App_V2/vehicle-parking-app-v2/vehicle-parking-app/backend/tasks/../exports/parking_history_shubh_20250730_200413.csv', 'filename': 'parking_history_shubh_20250730_200413.csv', 'download_url': '/api/user/download-csv/parking_history_shubh_20250730_200413.csv', 'records_count': 4, 'generated_at': '2025-07-30T20:04:13.076361'}
[2025-07-31 08:51:37,866: INFO/MainProcess] Task tasks.export_csv.generate_user_csv_export[9c0842a3-d7da-44b5-86ad-dea8ca9debdc] received
[2025-07-31 08:51:38,014: INFO/ForkPoolWorker-6] Task tasks.export_csv.generate_user_csv_export[9c0842a3-d7da-44b5-86ad-dea8ca9debdc] succeeded in 0.12902937499984546s: {'status': 'Export completed successfully', 'file_path': '/Users/shubham/Desktop/Vehicle_Parking_App_V2/vehicle-parking-app-v2/vehicle-parking-app/backend/tasks/../exports/parking_history_shubh_20250731_032137.csv', 'filename': 'parking_history_shubh_20250731_032137.csv', 'download_url': '/api/user/download-csv/parking_history_shubh_20250731_032137.csv', 'records_count': 4, 'generated_at': '2025-07-31T03:21:38.010436'}
[2025-07-31 10:00:00,291: INFO/MainProcess] Task tasks.daily_reminders.send_new_parking_lot_notifications[18a0e902-ed86-4fac-a51e-bda09224179f] received
[2025-07-31 10:00:00,406: INFO/ForkPoolWorker-6] Task tasks.daily_reminders.send_new_parking_lot_notifications[18a0e902-ed86-4fac-a51e-bda09224179f] succeeded in 0.0684773339999083s: {'status': 'completed', 'message': 'No new parking lots to notify about', 'timestamp': '2025-07-31T04:30:00.399476'}
